<?xml version="1.0" encoding="UTF-8"?>
<testsuite name="guru.qa.HW13.properties.SystemProductTest" tests="1" skipped="0" failures="0" errors="0" timestamp="2023-06-20T11:31:54" hostname="HELEN" time="0.155">
  <properties/>
  <testcase name="someTest6()" classname="guru.qa.HW13.properties.SystemProductTest" time="0.155"/>
  <system-out><![CDATA[I want to say:null
]]></system-out>
  <system-err><![CDATA[]]></system-err>
</testsuite>
