<?xml version="1.0" encoding="UTF-8"?>
<testsuite name="guru.qa.HW13.properties.SystemProductTest" tests="6" skipped="0" failures="0" errors="0" timestamp="2023-06-20T09:52:50" hostname="HELEN" time="0.182">
  <properties/>
  <testcase name="someTest1()" classname="guru.qa.HW13.properties.SystemProductTest" time="0.143"/>
  <testcase name="someTest2()" classname="guru.qa.HW13.properties.SystemProductTest" time="0.005"/>
  <testcase name="someTest3()" classname="guru.qa.HW13.properties.SystemProductTest" time="0.004"/>
  <testcase name="someTest4()" classname="guru.qa.HW13.properties.SystemProductTest" time="0.003"/>
  <testcase name="someTest5()" classname="guru.qa.HW13.properties.SystemProductTest" time="0.006"/>
  <testcase name="someTest6()" classname="guru.qa.HW13.properties.SystemProductTest" time="0.008"/>
  <system-out><![CDATA[null
safari
safari
safari
safari
safari
safari
I want tp say:null
]]></system-out>
  <system-err><![CDATA[]]></system-err>
</testsuite>
