<?xml version="1.0" encoding="UTF-8"?>
<testsuite name="guru.qa.HW8.SelenideDownloadedTest" tests="1" skipped="0" failures="0" errors="0" timestamp="2023-06-09T11:16:29" hostname="HELEN" time="0.617">
  <properties/>
  <testcase name="Check the CSV-PDF file" classname="guru.qa.HW8.SelenideDownloadedTest" time="0.617"/>
  <system-out><![CDATA[]]></system-out>
  <system-err><![CDATA[]]></system-err>
</testsuite>
