<?xml version="1.0" encoding="UTF-8"?>
<testsuite name="guru.qa.HW7.ParametrizedGitHubTests" tests="1" skipped="0" failures="0" errors="0" timestamp="2023-06-15T14:21:01" hostname="HELEN" time="0.003">
  <properties/>
  <testcase name="My favorite Test" classname="guru.qa.HW7.ParametrizedGitHubTests" time="0.003"/>
  <system-out><![CDATA[]]></system-out>
  <system-err><![CDATA[]]></system-err>
</testsuite>
