<?xml version="1.0" encoding="UTF-8"?>
<testsuite name="guru.qa.HW9.DragAndDropTest" tests="1" skipped="0" failures="0" errors="0" timestamp="2023-06-13T12:17:53" hostname="HELEN" time="7.139">
  <properties/>
  <testcase name="checkDragDropOption()" classname="guru.qa.HW9.DragAndDropTest" time="7.139"/>
  <system-out><![CDATA[]]></system-out>
  <system-err><![CDATA[Starting ChromeDriver 113.0.5672.63 (0e1a4471d5ae5bf128b1bd8f4d627c8cbd55f70c-refs/branch-heads/5672@{#912}) on port 45165
Only local connections are allowed.
Please see https://chromedriver.chromium.org/security-considerations for suggestions on keeping ChromeDriver safe.
ChromeDriver was started successfully.
Jun 13, 2023 2:17:58 PM org.openqa.selenium.devtools.CdpVersionFinder findNearestMatch
WARNING: Unable to find an exact match for CDP version 113, so returning the closest version found: 110
]]></system-err>
</testsuite>
