<?xml version="1.0" encoding="UTF-8"?>
<testsuite name="guru.qa.HW9.SelenideHW9Test" tests="1" skipped="0" failures="0" errors="0" timestamp="2023-06-15T14:21:08" hostname="HELEN" time="2.15">
  <properties/>
  <testcase name="Test for GitHub" classname="guru.qa.HW9.SelenideHW9Test" time="2.15"/>
  <system-out><![CDATA[]]></system-out>
  <system-err><![CDATA[]]></system-err>
</testsuite>
