<?xml version="1.0" encoding="UTF-8"?>
<testsuite name="guru.qa.HW7.GitHubTests" tests="1" skipped="0" failures="0" errors="0" timestamp="2023-06-15T14:20:57" hostname="HELEN" time="1.781">
  <properties/>
  <testcase name="checkGitHubIssueSearcher()" classname="guru.qa.HW7.GitHubTests" time="1.781"/>
  <system-out><![CDATA[]]></system-out>
  <system-err><![CDATA[]]></system-err>
</testsuite>
