<?xml version="1.0" encoding="UTF-8"?>
<testsuite name="guru.qa.StudentRegistrationFormwirhPageObject" tests="1" skipped="0" failures="0" errors="0" timestamp="2023-06-15T14:20:03" hostname="HELEN" time="3.609">
  <properties/>
  <testcase name="fillFormTest()" classname="guru.qa.StudentRegistrationFormwirhPageObject" time="3.609"/>
  <system-out><![CDATA[]]></system-out>
  <system-err><![CDATA[]]></system-err>
</testsuite>
