<?xml version="1.0" encoding="UTF-8"?>
<testsuite name="guru.qa.StudentRegistrationFormWithTestData" tests="1" skipped="0" failures="0" errors="0" timestamp="2023-06-15T14:20:00" hostname="HELEN" time="2.558">
  <properties/>
  <testcase name="fillFormTest()" classname="guru.qa.StudentRegistrationFormWithTestData" time="2.558"/>
  <system-out><![CDATA[]]></system-out>
  <system-err><![CDATA[]]></system-err>
</testsuite>
