<?xml version="1.0" encoding="UTF-8"?>
<testsuite name="guru.qa.HW13.properties.SystemProductTest" tests="1" skipped="0" failures="0" errors="0" timestamp="2023-06-20T09:29:26" hostname="HELEN" time="0.145">
  <properties/>
  <testcase name="someTest5()" classname="guru.qa.HW13.properties.SystemProductTest" time="0.145"/>
  <system-out><![CDATA[opera
100
1920x1080
]]></system-out>
  <system-err><![CDATA[]]></system-err>
</testsuite>
