<?xml version="1.0" encoding="UTF-8"?>
<testsuite name="guru.qa.StudentRegistrationFormWithRandomUtils" tests="1" skipped="0" failures="0" errors="0" timestamp="2023-06-15T14:19:58" hostname="HELEN" time="2.306">
  <properties/>
  <testcase name="fillFormTest()" classname="guru.qa.StudentRegistrationFormWithRandomUtils" time="2.306"/>
  <system-out><![CDATA[]]></system-out>
  <system-err><![CDATA[]]></system-err>
</testsuite>
