<?xml version="1.0" encoding="UTF-8"?>
<testsuite name="guru.qa.HW9.ContributorTest" tests="1" skipped="0" failures="0" errors="0" timestamp="2023-06-15T14:21:04" hostname="HELEN" time="1.873">
  <properties/>
  <testcase name="solncevShouldBeFirstContributor()" classname="guru.qa.HW9.ContributorTest" time="1.873"/>
  <system-out><![CDATA[]]></system-out>
  <system-err><![CDATA[]]></system-err>
</testsuite>
