<?xml version="1.0" encoding="UTF-8"?>
<testsuite name="guru.qa.HW7.AnnotatedGitHubTests" tests="1" skipped="0" failures="0" errors="0" timestamp="2023-06-15T14:20:54" hostname="HELEN" time="3.311">
  <properties/>
  <testcase name="checkGitHubIssueSearcher()" classname="guru.qa.HW7.AnnotatedGitHubTests" time="3.311"/>
  <system-out><![CDATA[]]></system-out>
  <system-err><![CDATA[]]></system-err>
</testsuite>
