<?xml version="1.0" encoding="UTF-8"?>
<testsuite name="guru.qa.HW7.LambdaGitHubTests" tests="1" skipped="0" failures="0" errors="0" timestamp="2023-06-15T14:20:59" hostname="HELEN" time="1.705">
  <properties/>
  <testcase name="checkGitHubIssueSearcher()" classname="guru.qa.HW7.LambdaGitHubTests" time="1.705"/>
  <system-out><![CDATA[]]></system-out>
  <system-err><![CDATA[]]></system-err>
</testsuite>
