<?xml version="1.0" encoding="UTF-8"?>
<testsuite name="guru.qa.HW7.LabelsGitHubTests" tests="2" skipped="0" failures="0" errors="0" timestamp="2023-06-15T14:20:59" hostname="HELEN" time="0.014">
  <properties/>
  <testcase name="testCode()" classname="guru.qa.HW7.LabelsGitHubTests" time="0.006"/>
  <testcase name="My favorite Test" classname="guru.qa.HW7.LabelsGitHubTests" time="0.004"/>
  <system-out><![CDATA[]]></system-out>
  <system-err><![CDATA[]]></system-err>
</testsuite>
