<?xml version="1.0" encoding="UTF-8"?>
<testsuite name="guru.qa.StudentRegistrationFormNegative" tests="1" skipped="0" failures="0" errors="0" timestamp="2023-06-15T14:19:57" hostname="HELEN" time="1.079">
  <properties/>
  <testcase name="checkNegativeOption()" classname="guru.qa.StudentRegistrationFormNegative" time="1.079"/>
  <system-out><![CDATA[]]></system-out>
  <system-err><![CDATA[]]></system-err>
</testsuite>
