<?xml version="1.0" encoding="UTF-8"?>
<testsuite name="guru.qa.HW16_2.WebTest" tests="1" skipped="0" failures="0" errors="0" timestamp="2023-07-26T11:49:24" hostname="HELEN" time="0.382">
  <properties/>
  <testcase name="webTest()" classname="guru.qa.HW16_2.WebTest" time="0.382"/>
  <system-out><![CDATA[]]></system-out>
  <system-err><![CDATA[]]></system-err>
</testsuite>
