<?xml version="1.0" encoding="UTF-8"?>
<testsuite name="guru.qa.HW13.properties.OwnerTest" tests="1" skipped="0" failures="0" errors="0" timestamp="2023-06-21T11:09:32" hostname="HELEN" time="0.142">
  <properties/>
  <testcase name="loginTest()" classname="guru.qa.HW13.properties.OwnerTest" time="0.142"/>
  <system-out><![CDATA[Login:
Password:
I logged in as with password
]]></system-out>
  <system-err><![CDATA[]]></system-err>
</testsuite>
