<?xml version="1.0" encoding="UTF-8"?>
<testsuite name="guru.qa.HW7.LambdaGitHubTests" tests="1" skipped="0" failures="0" errors="0" timestamp="2023-06-15T18:05:03" hostname="HELEN" time="3.907">
  <properties/>
  <testcase name="checkGitHubIssueSearcher()" classname="guru.qa.HW7.LambdaGitHubTests" time="3.907"/>
  <system-out><![CDATA[]]></system-out>
  <system-err><![CDATA[]]></system-err>
</testsuite>
