<?xml version="1.0" encoding="UTF-8"?>
<testsuite name="guru.qa.HW12.RegistrationFormTestsFromGuru" tests="1" skipped="0" failures="0" errors="0" timestamp="2023-07-04T09:34:36" hostname="HELEN" time="6.972">
  <properties/>
  <testcase name="Successful fill registration test" classname="guru.qa.HW12.RegistrationFormTestsFromGuru" time="6.972"/>
  <system-out><![CDATA[]]></system-out>
  <system-err><![CDATA[Starting ChromeDriver 114.0.5735.90 (386bc09e8f4f2e025eddae123f36f6263096ae49-refs/branch-heads/5735@{#1052}) on port 42451
Only local connections are allowed.
Please see https://chromedriver.chromium.org/security-considerations for suggestions on keeping ChromeDriver safe.
ChromeDriver was started successfully.
Jul 04, 2023 11:34:38 AM org.openqa.selenium.devtools.CdpVersionFinder findNearestMatch
WARNING: Unable to find an exact match for CDP version 114, so returning the closest version found: 110
]]></system-err>
</testsuite>
