<?xml version="1.0" encoding="UTF-8"?>
<testsuite name="guru.qa.StudentRegistrationFormwirhPageObject" tests="1" skipped="0" failures="0" errors="0" timestamp="2023-06-15T18:04:54" hostname="HELEN" time="8.959">
  <properties/>
  <testcase name="fillFormTest()" classname="guru.qa.StudentRegistrationFormwirhPageObject" time="8.959"/>
  <system-out><![CDATA[]]></system-out>
  <system-err><![CDATA[Starting ChromeDriver 114.0.5735.90 (386bc09e8f4f2e025eddae123f36f6263096ae49-refs/branch-heads/5735@{#1052}) on port 15744
Only local connections are allowed.
Please see https://chromedriver.chromium.org/security-considerations for suggestions on keeping ChromeDriver safe.
ChromeDriver was started successfully.
Jun 15, 2023 8:04:57 PM org.openqa.selenium.devtools.CdpVersionFinder findNearestMatch
WARNING: Unable to find an exact match for CDP version 114, so returning the closest version found: 110
]]></system-err>
</testsuite>
